2017-10-01 13:08:22Controller:app\Controller\IndexController  action:submitContect
2017-10-01 13:09:23Controller:app\Controller\IndexController  action:submitContect
2017-10-01 13:10:04Controller:app\Controller\IndexController  action:submitContect
2017-10-01 13:11:53Controller:app\Controller\IndexController  action:submitContect
2017-10-01 13:12:08Controller:app\Controller\IndexController  action:submitContect
2017-10-01 13:13:13Controller:app\Controller\IndexController  action:submitContect
2017-10-01 13:13:14Controller:app\Controller\IndexController  action:index
2017-10-01 13:13:28Controller:app\Controller\IndexController  action:index
2017-10-01 13:13:49Controller:app\Controller\AdminController  action:index
2017-10-01 13:13:49Controller:app\Controller\CommonController  action:login
2017-10-01 13:13:50Controller:app\Controller\ResourceController  action:images
2017-10-01 13:13:50Controller:app\Controller\ResourceController  action:images
2017-10-01 13:14:50Controller:app\Controller\CommonController  action:login
2017-10-01 13:14:57Controller:app\Controller\CommonController  action:login
2017-10-01 13:14:58Controller:app\Controller\AdminController  action:index
2017-10-01 13:15:01Controller:app\Controller\AdminController  action:orderList
2017-10-01 13:15:18Controller:app\Controller\AdminController  action:orderList
2017-10-01 13:15:20Controller:app\Controller\UserController  action:index
2017-10-01 13:15:23Controller:app\Controller\AdminController  action:orderList
2017-10-01 13:16:09Controller:app\Controller\AdminController  action:orderList
2017-10-01 13:16:22Controller:app\Controller\IndexController  action:index
2017-10-01 13:18:20Controller:app\Controller\AdminController  action:orderList
2017-10-01 13:19:55Controller:app\Controller\AdminController  action:orderList
2017-10-01 13:20:08Controller:app\Controller\AdminController  action:orderList
2017-10-01 13:20:22Controller:app\Controller\AdminController  action:orderList
2017-10-01 13:20:35Controller:app\Controller\AdminController  action:orderList
2017-10-01 13:20:47Controller:app\Controller\AdminController  action:orderList
2017-10-01 13:21:10Controller:app\Controller\AdminController  action:orderList
2017-10-01 13:22:47Controller:app\Controller\AdminController  action:orderList
2017-10-01 13:22:57Controller:app\Controller\AdminController  action:orderList
2017-10-01 13:23:16Controller:app\Controller\AdminController  action:orderList
2017-10-01 13:23:25Controller:app\Controller\AdminController  action:orderList
2017-10-01 13:23:46Controller:app\Controller\AdminController  action:orderList
2017-10-01 13:24:17Controller:app\Controller\AdminController  action:orderList
2017-10-01 13:24:19Controller:app\Controller\AdminController  action:orderList
2017-10-01 13:24:49Controller:app\Controller\AdminController  action:orderList
2017-10-01 13:24:54Controller:app\Controller\AdminController  action:orderList
2017-10-01 13:25:24Controller:app\Controller\AdminController  action:orderList
2017-10-01 13:25:44Controller:app\Controller\AdminController  action:orderList
2017-10-01 13:25:51Controller:app\Controller\AdminController  action:orderList
2017-10-01 13:25:52Controller:app\Controller\AdminController  action:orderList
2017-10-01 13:26:06Controller:app\Controller\AdminController  action:orderList
2017-10-01 13:26:24Controller:app\Controller\IndexController  action:submitContect
2017-10-01 13:26:26Controller:app\Controller\IndexController  action:index
2017-10-01 13:26:42Controller:app\Controller\IndexController  action:submitContect
2017-10-01 13:26:43Controller:app\Controller\IndexController  action:index
2017-10-01 13:26:45Controller:app\Controller\AdminController  action:orderList
2017-10-01 13:26:49Controller:app\Controller\AdminController  action:orderList
2017-10-01 13:26:53Controller:app\Controller\AdminController  action:orderList
2017-10-01 13:26:59Controller:app\Controller\AdminController  action:orderList
2017-10-01 13:27:02Controller:app\Controller\AdminController  action:orderList
2017-10-01 13:27:04Controller:app\Controller\AdminController  action:orderList
2017-10-01 13:27:12Controller:app\Controller\AdminController  action:orderList
